TN:
SF:src\App.tsx
FN:20,<instance_members_initializer>
FN:26,getDerivedStateFromError
FN:30,componentDidCatch
FN:34,handleReload
FN:38,render
FN:46,AppContent
FN:91,toggleConnection
FN:100,handleLoginSubmit
FN:106,formatSessionTime
FN:126,handleAddWidgetSelect
FN:222,onClick
FN:253,onChange
FN:259,onChange
FN:287,onClick
FN:340,onClick
FN:365,App
FNF:16
FNH:9
FNDA:1,<instance_members_initializer>
FNDA:0,getDerivedStateFromError
FNDA:0,componentDidCatch
FNDA:0,handleReload
FNDA:1,render
FNDA:10,AppContent
FNDA:2,toggleConnection
FNDA:1,handleLoginSubmit
FNDA:0,formatSessionTime
FNDA:0,handleAddWidgetSelect
FNDA:2,onClick
FNDA:1,onChange
FNDA:1,onChange
FNDA:0,onClick
FNDA:0,onClick
FNDA:1,App
DA:1,1
DA:2,1
DA:3,1
DA:4,1
DA:5,1
DA:6,1
DA:7,1
DA:8,1
DA:9,1
DA:10,1
DA:11,1
DA:12,1
DA:13,1
DA:14,1
DA:15,1
DA:16,1
DA:17,1
DA:18,1
DA:19,1
DA:20,1
DA:21,1
DA:22,1
DA:23,1
DA:24,1
DA:25,1
DA:26,1
DA:27,0
DA:28,0
DA:29,1
DA:30,1
DA:31,0
DA:32,0
DA:33,1
DA:34,1
DA:35,0
DA:36,0
DA:37,1
DA:38,1
DA:39,1
DA:40,0
DA:41,0
DA:42,1
DA:43,1
DA:44,1
DA:45,1
DA:46,1
DA:47,10
DA:48,10
DA:49,10
DA:50,10
DA:51,10
DA:52,10
DA:53,10
DA:54,10
DA:55,10
DA:56,10
DA:57,10
DA:58,10
DA:59,10
DA:60,10
DA:61,10
DA:62,10
DA:63,10
DA:64,10
DA:65,10
DA:66,10
DA:67,10
DA:68,10
DA:69,10
DA:70,10
DA:71,10
DA:72,10
DA:73,1
DA:74,1
DA:75,1
DA:76,1
DA:77,1
DA:78,1
DA:79,1
DA:80,1
DA:81,3
DA:82,1
DA:83,1
DA:84,1
DA:85,1
DA:86,1
DA:87,1
DA:88,1
DA:89,10
DA:90,10
DA:91,10
DA:92,2
DA:93,2
DA:94,2
DA:95,2
DA:96,2
DA:97,2
DA:98,2
DA:99,10
DA:100,10
DA:101,1
DA:102,1
DA:103,1
DA:104,1
DA:105,10
DA:106,10
DA:107,0
DA:108,0
DA:109,0
DA:110,0
DA:111,10
DA:112,10
DA:113,10
DA:114,10
DA:115,10
DA:116,10
DA:117,10
DA:118,10
DA:119,10
DA:120,10
DA:121,10
DA:122,10
DA:123,10
DA:124,10
DA:125,10
DA:126,10
DA:127,0
DA:128,0
DA:129,0
DA:130,10
DA:131,10
DA:132,10
DA:133,10
DA:134,10
DA:135,2
DA:136,2
DA:137,2
DA:138,2
DA:139,2
DA:140,2
DA:141,2
DA:142,2
DA:143,2
DA:144,2
DA:145,2
DA:146,2
DA:147,2
DA:148,2
DA:149,10
DA:150,10
DA:151,10
DA:152,10
DA:153,0
DA:154,0
DA:155,0
DA:156,0
DA:157,0
DA:158,0
DA:159,0
DA:160,0
DA:161,10
DA:162,10
DA:163,10
DA:164,10
DA:165,10
DA:166,10
DA:167,10
DA:168,10
DA:169,10
DA:170,10
DA:171,10
DA:172,10
DA:173,10
DA:174,10
DA:175,10
DA:176,10
DA:177,10
DA:178,10
DA:179,10
DA:180,10
DA:181,10
DA:182,10
DA:183,10
DA:184,10
DA:185,10
DA:186,10
DA:187,10
DA:188,10
DA:189,10
DA:190,10
DA:191,10
DA:192,10
DA:193,10
DA:194,10
DA:195,10
DA:196,10
DA:197,10
DA:198,10
DA:199,10
DA:200,10
DA:201,10
DA:202,10
DA:203,10
DA:204,10
DA:205,10
DA:206,10
DA:207,10
DA:208,10
DA:209,10
DA:210,10
DA:211,8
DA:212,2
DA:213,2
DA:214,10
DA:215,10
DA:216,10
DA:217,10
DA:218,10
DA:219,10
DA:220,30
DA:221,30
DA:222,30
DA:223,30
DA:224,30
DA:225,30
DA:226,30
DA:227,30
DA:228,30
DA:229,30
DA:230,30
DA:231,30
DA:232,30
DA:233,10
DA:234,10
DA:235,10
DA:236,10
DA:237,10
DA:238,1
DA:239,1
DA:240,1
DA:241,1
DA:242,1
DA:243,1
DA:244,1
DA:245,1
DA:246,1
DA:247,9
DA:248,9
DA:249,9
DA:250,9
DA:251,9
DA:252,9
DA:253,9
DA:254,9
DA:255,9
DA:256,9
DA:257,9
DA:258,9
DA:259,9
DA:260,9
DA:261,9
DA:262,9
DA:263,9
DA:264,9
DA:265,9
DA:266,9
DA:267,9
DA:268,9
DA:269,10
DA:270,10
DA:271,10
DA:272,10
DA:273,10
DA:274,10
DA:275,10
DA:276,10
DA:277,10
DA:278,10
DA:279,10
DA:280,10
DA:281,10
DA:282,10
DA:283,30
DA:284,30
DA:285,30
DA:286,30
DA:287,30
DA:288,30
DA:289,30
DA:290,30
DA:291,30
DA:292,30
DA:293,30
DA:294,30
DA:295,30
DA:296,30
DA:297,10
DA:298,10
DA:299,10
DA:300,10
DA:301,10
DA:302,10
DA:303,10
DA:304,10
DA:305,10
DA:306,10
DA:307,10
DA:308,10
DA:309,10
DA:310,10
DA:311,10
DA:312,10
DA:313,10
DA:314,10
DA:315,10
DA:316,10
DA:317,10
DA:318,10
DA:319,10
DA:320,10
DA:321,1
DA:322,1
DA:323,1
DA:324,1
DA:325,1
DA:326,1
DA:327,1
DA:328,1
DA:329,1
DA:330,1
DA:331,1
DA:332,1
DA:333,1
DA:334,1
DA:335,1
DA:336,1
DA:337,1
DA:338,1
DA:339,1
DA:340,1
DA:341,1
DA:342,1
DA:343,1
DA:344,1
DA:345,1
DA:346,1
DA:347,1
DA:348,1
DA:349,10
DA:350,10
DA:351,10
DA:352,10
DA:353,10
DA:354,10
DA:355,10
DA:356,10
DA:357,10
DA:358,10
DA:359,10
DA:360,10
DA:361,10
DA:362,10
DA:363,10
DA:364,1
DA:365,1
DA:366,1
DA:367,1
DA:368,1
DA:369,1
DA:370,1
DA:371,1
DA:372,1
DA:373,1
LF:373
LH:350
BRDA:20,0,0,1
BRDA:38,1,0,1
BRDA:39,2,0,0
BRDA:39,3,0,0
BRDA:46,4,0,10
BRDA:134,5,0,2
BRDA:152,6,0,0
BRDA:152,7,0,0
BRDA:208,8,0,8
BRDA:208,9,0,2
BRDA:210,10,0,8
BRDA:211,11,0,2
BRDA:237,12,0,1
BRDA:246,13,0,9
BRDA:320,14,0,1
BRDA:320,15,0,1
BRDA:338,16,0,0
BRDA:342,17,0,0
BRDA:72,18,0,1
BRDA:80,19,0,3
BRDA:84,20,0,1
BRDA:91,21,0,2
BRDA:95,22,0,1
BRDA:95,23,0,1
BRDA:96,24,0,1
BRDA:96,25,0,1
BRDA:100,26,0,1
BRDA:102,27,0,0
BRDA:219,28,0,30
BRDA:225,29,0,10
BRDA:225,30,0,20
BRDA:226,31,0,10
BRDA:226,32,0,20
BRDA:222,33,0,2
BRDA:253,34,0,1
BRDA:259,35,0,1
BRDA:282,36,0,30
BRDA:289,37,0,10
BRDA:289,38,0,20
BRDA:365,39,0,1
BRF:40
BRH:33
end_of_record
TN:
SF:src\components\WidgetShell.tsx
FN:18,<instance_members_initializer>
FN:24,getDerivedStateFromError
FN:28,componentDidCatch
FN:32,handleReset
FN:36,render
FN:53,WidgetShell
FN:82,onClick
FN:97,fallback
FN:107,onToggleCollapse
FNF:9
FNH:3
FNDA:10,<instance_members_initializer>
FNDA:0,getDerivedStateFromError
FNDA:0,componentDidCatch
FNDA:0,handleReset
FNDA:80,render
FNDA:80,WidgetShell
FNDA:0,onClick
FNDA:0,fallback
FNDA:0,onToggleCollapse
DA:1,1
DA:2,1
DA:3,1
DA:4,1
DA:5,1
DA:6,1
DA:7,1
DA:8,1
DA:9,1
DA:10,1
DA:11,1
DA:12,1
DA:13,1
DA:14,1
DA:15,1
DA:16,1
DA:17,1
DA:18,1
DA:19,10
DA:20,10
DA:21,10
DA:22,10
DA:23,10
DA:24,10
DA:25,0
DA:26,0
DA:27,10
DA:28,10
DA:29,0
DA:30,0
DA:31,10
DA:32,10
DA:33,0
DA:34,0
DA:35,10
DA:36,10
DA:37,80
DA:38,0
DA:39,0
DA:40,80
DA:41,80
DA:42,10
DA:43,1
DA:44,1
DA:45,1
DA:46,1
DA:47,1
DA:48,1
DA:49,1
DA:50,1
DA:51,1
DA:52,1
DA:53,1
DA:54,80
DA:55,80
DA:56,80
DA:57,80
DA:58,80
DA:59,80
DA:60,80
DA:61,80
DA:62,160
DA:63,160
DA:64,160
DA:65,80
DA:66,80
DA:67,80
DA:68,80
DA:69,80
DA:70,80
DA:71,80
DA:72,80
DA:73,0
DA:74,0
DA:75,0
DA:76,80
DA:77,80
DA:78,80
DA:79,80
DA:80,10
DA:81,10
DA:82,10
DA:83,10
DA:84,10
DA:85,10
DA:86,10
DA:87,10
DA:88,10
DA:89,10
DA:90,10
DA:91,80
DA:92,80
DA:93,80
DA:94,80
DA:95,80
DA:96,80
DA:97,80
DA:98,0
DA:99,0
DA:100,0
DA:101,80
DA:102,80
DA:103,80
DA:104,80
DA:105,80
DA:106,80
DA:107,80
DA:108,80
DA:109,80
DA:110,80
DA:111,80
DA:112,80
DA:113,80
DA:114,80
DA:115,1
DA:116,1
LF:116
LH:102
BRDA:18,0,0,10
BRDA:36,1,0,80
BRDA:37,2,0,0
BRDA:37,3,0,0
BRDA:53,4,0,80
BRDA:67,5,0,0
BRDA:72,6,0,0
BRDA:79,7,0,10
BRDA:79,8,0,10
BRDA:61,9,0,160
BRF:10
BRH:6
end_of_record
TN:
SF:src\components\ui\Badge.tsx
FN:11,Badge
FN:43,onClick
FNF:2
FNH:2
FNDA:5,Badge
FNDA:1,onClick
DA:1,1
DA:2,1
DA:3,1
DA:4,1
DA:5,1
DA:6,1
DA:7,1
DA:8,1
DA:9,1
DA:10,1
DA:11,1
DA:12,5
DA:13,5
DA:14,5
DA:15,5
DA:16,5
DA:17,5
DA:18,5
DA:19,5
DA:20,5
DA:21,5
DA:22,5
DA:23,5
DA:24,5
DA:25,5
DA:26,5
DA:27,5
DA:28,5
DA:29,5
DA:30,5
DA:31,5
DA:32,5
DA:33,1
DA:34,1
DA:35,1
DA:36,1
DA:37,1
DA:38,1
DA:39,5
DA:40,5
DA:41,1
DA:42,1
DA:43,1
DA:44,1
DA:45,1
DA:46,1
DA:47,1
DA:48,1
DA:49,1
DA:50,1
DA:51,1
DA:52,1
DA:53,1
DA:54,1
DA:55,5
DA:56,5
DA:57,5
DA:58,5
DA:59,1
DA:60,1
LF:60
LH:60
BRDA:11,0,0,5
BRDA:32,1,0,1
BRDA:40,2,0,1
BRDA:43,3,0,1
BRF:4
BRH:4
end_of_record
TN:
SF:src\components\ui\Button.tsx
FN:11,Button
FNF:1
FNH:1
FNDA:20,Button
DA:1,1
DA:2,1
DA:3,1
DA:4,1
DA:5,1
DA:6,1
DA:7,1
DA:8,1
DA:9,1
DA:10,1
DA:11,1
DA:12,20
DA:13,20
DA:14,20
DA:15,20
DA:16,20
DA:17,20
DA:18,20
DA:19,20
DA:20,20
DA:21,20
DA:22,20
DA:23,20
DA:24,20
DA:25,20
DA:26,20
DA:27,20
DA:28,20
DA:29,20
DA:30,20
DA:31,20
DA:32,20
DA:33,20
DA:34,20
DA:35,20
DA:36,20
DA:37,20
DA:38,20
DA:39,20
DA:40,20
DA:41,20
DA:42,20
DA:43,20
DA:44,20
DA:45,20
DA:46,20
DA:47,0
DA:48,0
DA:49,0
DA:50,0
DA:51,0
DA:52,0
DA:53,20
DA:54,20
DA:55,20
DA:56,20
DA:57,20
DA:58,20
DA:59,20
DA:60,20
DA:61,1
DA:62,1
LF:62
LH:56
BRDA:11,0,0,20
BRDA:41,1,0,16
BRDA:43,2,0,16
BRDA:43,3,0,4
BRDA:43,4,0,16
BRDA:46,5,0,0
BRF:6
BRH:5
end_of_record
TN:
SF:src\components\ui\Card.tsx
FN:13,Card
FN:46,onClick
FNF:2
FNH:1
FNDA:81,Card
FNDA:0,onClick
DA:1,1
DA:2,1
DA:3,1
DA:4,1
DA:5,1
DA:6,1
DA:7,1
DA:8,1
DA:9,1
DA:10,1
DA:11,1
DA:12,1
DA:13,1
DA:14,81
DA:15,81
DA:16,81
DA:17,81
DA:18,81
DA:19,81
DA:20,81
DA:21,81
DA:22,81
DA:23,81
DA:24,81
DA:25,81
DA:26,81
DA:27,81
DA:28,81
DA:29,81
DA:30,81
DA:31,81
DA:32,81
DA:33,81
DA:34,81
DA:35,81
DA:36,81
DA:37,81
DA:38,81
DA:39,81
DA:40,81
DA:41,81
DA:42,81
DA:43,81
DA:44,81
DA:45,81
DA:46,81
DA:47,0
DA:48,0
DA:49,0
DA:50,81
DA:51,81
DA:52,81
DA:53,81
DA:54,81
DA:55,81
DA:56,81
DA:57,81
DA:58,81
DA:59,81
DA:60,81
DA:61,81
DA:62,81
DA:63,81
DA:64,81
DA:65,81
DA:66,81
DA:67,81
DA:68,81
DA:69,81
DA:70,81
DA:71,81
DA:72,81
DA:73,81
DA:74,81
DA:75,81
DA:76,81
DA:77,81
DA:78,81
DA:79,81
DA:80,81
DA:81,81
DA:82,0
DA:83,0
DA:84,0
DA:85,81
DA:86,81
DA:87,81
DA:88,81
DA:89,1
DA:90,1
LF:90
LH:84
BRDA:13,0,0,81
BRDA:28,1,0,0
BRDA:52,2,0,0
BRDA:58,3,0,0
BRDA:81,4,0,0
BRF:5
BRH:1
end_of_record
TN:
SF:src\components\ui\ColorPicker.tsx
FN:12,ColorPicker
FN:29,handleOutsideClick
FN:38,handleInputChange
FN:51,onClick
FN:77,onClick
FN:102,onChange
FNF:6
FNH:4
FNDA:4,ColorPicker
FNDA:0,handleOutsideClick
FNDA:0,handleInputChange
FNDA:1,onClick
FNDA:1,onClick
FNDA:1,onChange
DA:1,1
DA:2,1
DA:3,1
DA:4,1
DA:5,1
DA:6,1
DA:7,1
DA:8,1
DA:9,1
DA:10,1
DA:11,1
DA:12,1
DA:13,4
DA:14,4
DA:15,4
DA:16,4
DA:17,4
DA:18,4
DA:19,4
DA:20,4
DA:21,4
DA:22,4
DA:23,4
DA:24,4
DA:25,1
DA:26,4
DA:27,4
DA:28,4
DA:29,1
DA:30,0
DA:31,0
DA:32,0
DA:33,0
DA:34,1
DA:35,1
DA:36,4
DA:37,4
DA:38,4
DA:39,0
DA:40,0
DA:41,0
DA:42,0
DA:43,0
DA:44,0
DA:45,4
DA:46,4
DA:47,4
DA:48,4
DA:49,4
DA:50,4
DA:51,4
DA:52,4
DA:53,4
DA:54,4
DA:55,4
DA:56,4
DA:57,4
DA:58,4
DA:59,4
DA:60,4
DA:61,4
DA:62,4
DA:63,4
DA:64,4
DA:65,4
DA:66,4
DA:67,4
DA:68,3
DA:69,3
DA:70,3
DA:71,3
DA:72,3
DA:73,3
DA:74,6
DA:75,6
DA:76,6
DA:77,6
DA:78,1
DA:79,1
DA:80,1
DA:81,6
DA:82,6
DA:83,6
DA:84,6
DA:85,6
DA:86,6
DA:87,3
DA:88,3
DA:89,3
DA:90,3
DA:91,3
DA:92,3
DA:93,3
DA:94,3
DA:95,3
DA:96,3
DA:97,3
DA:98,3
DA:99,3
DA:100,3
DA:101,3
DA:102,3
DA:103,3
DA:104,3
DA:105,3
DA:106,3
DA:107,3
DA:108,4
DA:109,4
DA:110,4
DA:111,4
DA:112,1
DA:113,1
LF:113
LH:103
BRDA:12,0,0,4
BRDA:67,1,0,3
BRDA:24,2,0,1
BRDA:28,3,0,1
BRDA:35,4,0,1
BRDA:51,5,0,1
BRDA:73,6,0,6
BRDA:82,7,0,3
BRDA:82,8,0,3
BRDA:77,9,0,1
BRDA:102,10,0,1
BRF:11
BRH:11
end_of_record
TN:
SF:src\components\ui\DataTable.tsx
FN:20,DataTable
FN:33,handleSort
FN:87,onClick
FN:134,onClick
FN:145,onClick
FNF:5
FNH:4
FNDA:5,DataTable
FNDA:1,handleSort
FNDA:1,onClick
FNDA:0,onClick
FNDA:1,onClick
DA:1,1
DA:2,1
DA:3,1
DA:4,1
DA:5,1
DA:6,1
DA:7,1
DA:8,1
DA:9,1
DA:10,1
DA:11,1
DA:12,1
DA:13,1
DA:14,1
DA:15,1
DA:16,1
DA:17,1
DA:18,1
DA:19,1
DA:20,1
DA:21,5
DA:22,5
DA:23,5
DA:24,5
DA:25,5
DA:26,5
DA:27,5
DA:28,5
DA:29,5
DA:30,5
DA:31,5
DA:32,5
DA:33,5
DA:34,1
DA:35,0
DA:36,1
DA:37,1
DA:38,1
DA:39,1
DA:40,1
DA:41,1
DA:42,5
DA:43,5
DA:44,5
DA:45,3
DA:46,0
DA:47,0
DA:48,0
DA:49,0
DA:50,0
DA:51,5
DA:52,5
DA:53,5
DA:54,5
DA:55,4
DA:56,1
DA:57,1
DA:58,2
DA:59,2
DA:60,2
DA:61,2
DA:62,2
DA:63,2
DA:64,2
DA:65,2
DA:66,0
DA:67,1
DA:68,1
DA:69,5
DA:70,5
DA:71,5
DA:72,5
DA:73,5
DA:74,5
DA:75,5
DA:76,5
DA:77,5
DA:78,5
DA:79,5
DA:80,5
DA:81,5
DA:82,5
DA:83,5
DA:84,5
DA:85,18
DA:86,18
DA:87,18
DA:88,18
DA:89,18
DA:90,18
DA:91,18
DA:92,18
DA:93,1
DA:94,1
DA:95,1
DA:96,18
DA:97,18
DA:98,18
DA:99,5
DA:100,5
DA:101,5
DA:102,5
DA:103,5
DA:104,9
DA:105,9
DA:106,34
DA:107,34
DA:108,34
DA:109,9
DA:110,9
DA:111,5
DA:112,5
DA:113,1
DA:114,1
DA:115,1
DA:116,1
DA:117,1
DA:118,5
DA:119,5
DA:120,5
DA:121,5
DA:122,5
DA:123,5
DA:124,4
DA:125,4
DA:126,4
DA:127,4
DA:128,4
DA:129,4
DA:130,4
DA:131,4
DA:132,4
DA:133,4
DA:134,4
DA:135,4
DA:136,4
DA:137,4
DA:138,4
DA:139,4
DA:140,4
DA:141,4
DA:142,4
DA:143,4
DA:144,4
DA:145,4
DA:146,4
DA:147,4
DA:148,4
DA:149,4
DA:150,4
DA:151,5
DA:152,5
DA:153,5
DA:154,5
DA:155,1
DA:156,1
LF:156
LH:149
BRDA:20,0,0,5
BRDA:112,1,0,1
BRDA:123,2,0,4
BRDA:33,3,0,1
BRDA:34,4,0,0
BRDA:44,5,0,3
BRDA:45,6,0,2
BRDA:45,7,0,0
BRDA:54,8,0,4
BRDA:55,9,0,3
BRDA:55,10,0,1
BRDA:57,11,0,2
BRDA:64,12,0,0
BRDA:65,13,0,0
BRDA:65,14,0,0
BRDA:73,15,0,5
BRDA:84,16,0,18
BRDA:88,17,0,0
BRDA:92,18,0,1
BRDA:94,19,0,0
BRDA:87,20,0,1
BRDA:103,21,0,9
BRDA:105,22,0,34
BRDA:107,23,0,24
BRDA:107,24,0,10
BRDA:145,25,0,1
BRDA:145,26,0,1
BRF:27
BRH:20
end_of_record
TN:
SF:src\components\ui\Dropdown.tsx
FN:19,Dropdown
FN:34,handleOutsideClick
FN:43,toggleDropdown
FN:45,handleSelect
FN:59,getSelectedLabel
FN:90,isSelected
FN:125,onChange
FN:161,onClick
FNF:8
FNH:7
FNDA:5,Dropdown
FNDA:0,handleOutsideClick
FNDA:1,toggleDropdown
FNDA:1,handleSelect
FNDA:5,getSelectedLabel
FNDA:6,isSelected
FNDA:1,onChange
FNDA:1,onClick
DA:1,1
DA:2,1
DA:3,1
DA:4,1
DA:5,1
DA:6,1
DA:7,1
DA:8,1
DA:9,1
DA:10,1
DA:11,1
DA:12,1
DA:13,1
DA:14,1
DA:15,1
DA:16,1
DA:17,1
DA:18,1
DA:19,1
DA:20,5
DA:21,5
DA:22,5
DA:23,5
DA:24,5
DA:25,5
DA:26,5
DA:27,5
DA:28,5
DA:29,5
DA:30,5
DA:31,5
DA:32,5
DA:33,5
DA:34,2
DA:35,0
DA:36,0
DA:37,0
DA:38,0
DA:39,2
DA:40,2
DA:41,5
DA:42,5
DA:43,5
DA:44,5
DA:45,5
DA:46,1
DA:47,0
DA:48,0
DA:49,0
DA:50,0
DA:51,0
DA:52,0
DA:53,1
DA:54,1
DA:55,1
DA:56,1
DA:57,1
DA:58,5
DA:59,5
DA:60,5
DA:61,0
DA:62,0
DA:63,0
DA:64,0
DA:65,0
DA:66,0
DA:67,5
DA:68,5
DA:69,5
DA:70,5
DA:71,5
DA:72,5
DA:73,5
DA:74,18
DA:75,5
DA:76,5
DA:77,5
DA:78,5
DA:79,5
DA:80,5
DA:81,5
DA:82,16
DA:83,16
DA:84,16
DA:85,16
DA:86,0
DA:87,0
DA:88,5
DA:89,5
DA:90,5
DA:91,6
DA:92,0
DA:93,0
DA:94,6
DA:95,6
DA:96,5
DA:97,5
DA:98,5
DA:99,5
DA:100,5
DA:101,5
DA:102,5
DA:103,5
DA:104,5
DA:105,5
DA:106,5
DA:107,5
DA:108,5
DA:109,5
DA:110,5
DA:111,5
DA:112,5
DA:113,5
DA:114,5
DA:115,5
DA:116,5
DA:117,5
DA:118,5
DA:119,2
DA:120,2
DA:121,2
DA:122,2
DA:123,2
DA:124,2
DA:125,2
DA:126,2
DA:127,2
DA:128,2
DA:129,2
DA:130,2
DA:131,2
DA:132,2
DA:133,2
DA:134,0
DA:135,0
DA:136,0
DA:137,0
DA:138,0
DA:139,0
DA:140,0
DA:141,0
DA:142,0
DA:143,0
DA:144,0
DA:145,0
DA:146,0
DA:147,0
DA:148,2
DA:149,2
DA:150,2
DA:151,2
DA:152,2
DA:153,2
DA:154,2
DA:155,2
DA:156,2
DA:157,3
DA:158,3
DA:159,3
DA:160,3
DA:161,3
DA:162,3
DA:163,3
DA:164,3
DA:165,3
DA:166,1
DA:167,1
DA:168,1
DA:169,3
DA:170,3
DA:171,2
DA:172,2
DA:173,2
DA:174,2
DA:175,2
DA:176,2
DA:177,0
DA:178,0
DA:179,0
DA:180,2
DA:181,2
DA:182,2
DA:183,5
DA:184,5
DA:185,5
DA:186,5
DA:187,1
DA:188,1
LF:188
LH:151
BRDA:19,0,0,5
BRDA:108,1,0,2
BRDA:108,2,0,3
BRDA:118,3,0,2
BRDA:176,4,0,0
BRDA:33,5,0,2
BRDA:40,6,0,2
BRDA:43,7,0,1
BRDA:45,8,0,1
BRDA:46,9,0,0
BRDA:59,10,0,5
BRDA:60,11,0,0
BRDA:68,12,0,4
BRDA:68,13,0,1
BRDA:68,14,0,14
BRDA:73,15,0,18
BRDA:81,16,0,16
BRDA:83,17,0,8
BRDA:85,18,0,0
BRDA:90,19,0,6
BRDA:91,20,0,0
BRDA:125,21,0,1
BRDA:150,22,0,2
BRDA:156,23,0,3
BRDA:165,24,0,1
BRDA:161,25,0,1
BRF:26
BRH:21
end_of_record
TN:
SF:src\components\ui\ErrorBoundaryUI.tsx
FN:10,ErrorBoundaryUI
FN:17,getVariantStyles
FN:65,onClick
FNF:3
FNH:2
FNDA:1,ErrorBoundaryUI
FNDA:1,getVariantStyles
FNDA:0,onClick
DA:1,1
DA:2,1
DA:3,1
DA:4,1
DA:5,1
DA:6,1
DA:7,1
DA:8,1
DA:9,1
DA:10,1
DA:11,1
DA:12,1
DA:13,1
DA:14,1
DA:15,1
DA:16,1
DA:17,1
DA:18,1
DA:19,1
DA:20,0
DA:21,0
DA:22,0
DA:23,0
DA:24,0
DA:25,0
DA:26,1
DA:27,0
DA:28,0
DA:29,0
DA:30,0
DA:31,0
DA:32,0
DA:33,1
DA:34,1
DA:35,1
DA:36,1
DA:37,1
DA:38,1
DA:39,1
DA:40,1
DA:41,1
DA:42,1
DA:43,1
DA:44,1
DA:45,1
DA:46,1
DA:47,1
DA:48,1
DA:49,1
DA:50,1
DA:51,1
DA:52,1
DA:53,1
DA:54,1
DA:55,1
DA:56,1
DA:57,1
DA:58,1
DA:59,1
DA:60,1
DA:61,1
DA:62,1
DA:63,0
DA:64,0
DA:65,0
DA:66,0
DA:67,0
DA:68,0
DA:69,0
DA:70,0
DA:71,0
DA:72,0
DA:73,0
DA:74,0
DA:75,0
DA:76,0
DA:77,1
DA:78,1
DA:79,1
DA:80,1
DA:81,1
DA:82,1
DA:83,1
DA:84,1
DA:85,1
DA:86,1
DA:87,1
DA:88,1
DA:89,1
LF:89
LH:63
BRDA:10,0,0,1
BRDA:59,1,0,0
BRDA:62,2,0,0
BRDA:62,3,0,0
BRDA:81,4,0,0
BRDA:17,5,0,1
BRDA:19,6,0,0
BRDA:26,7,0,0
BRF:8
BRH:2
end_of_record
TN:
SF:src\components\ui\Modal.tsx
FN:11,Modal
FN:20,handleKeyDown
FN:41,onClick
FNF:3
FNH:2
FNDA:1,Modal
FNDA:0,handleKeyDown
FNDA:1,onClick
DA:1,1
DA:2,1
DA:3,1
DA:4,1
DA:5,1
DA:6,1
DA:7,1
DA:8,1
DA:9,1
DA:10,1
DA:11,1
DA:12,1
DA:13,1
DA:14,1
DA:15,1
DA:16,1
DA:17,1
DA:18,1
DA:19,1
DA:20,1
DA:21,0
DA:22,0
DA:23,0
DA:24,0
DA:25,1
DA:26,1
DA:27,1
DA:28,1
DA:29,1
DA:30,1
DA:31,1
DA:32,1
DA:33,1
DA:34,1
DA:35,1
DA:36,1
DA:37,1
DA:38,1
DA:39,1
DA:40,1
DA:41,1
DA:42,1
DA:43,1
DA:44,1
DA:45,1
DA:46,1
DA:47,1
DA:48,1
DA:49,1
DA:50,1
DA:51,1
DA:52,1
DA:53,1
DA:54,1
DA:55,1
DA:56,1
DA:57,1
DA:58,1
DA:59,1
DA:60,1
DA:61,1
DA:62,1
DA:63,1
DA:64,1
DA:65,1
DA:66,1
DA:67,1
DA:68,0
DA:69,0
DA:70,0
DA:71,1
DA:72,1
DA:73,1
DA:74,1
DA:75,1
DA:76,1
DA:77,1
LF:77
LH:70
BRDA:11,0,0,1
BRDA:29,1,0,0
BRDA:67,2,0,0
BRDA:19,3,0,1
BRDA:26,4,0,1
BRDA:41,5,0,1
BRF:6
BRH:4
end_of_record
TN:
SF:src\components\ui\SearchInput.tsx
FN:13,SearchInput
FN:41,handleOutsideClick
FN:60,onChange
FN:64,onFocus
FN:70,onClick
FN:94,onClick
FNF:6
FNH:3
FNDA:6,SearchInput
FNDA:0,handleOutsideClick
FNDA:1,onChange
FNDA:0,onFocus
FNDA:0,onClick
FNDA:1,onClick
DA:1,1
DA:2,1
DA:3,1
DA:4,1
DA:5,1
DA:6,1
DA:7,1
DA:8,1
DA:9,1
DA:10,1
DA:11,1
DA:12,1
DA:13,1
DA:14,6
DA:15,6
DA:16,6
DA:17,6
DA:18,6
DA:19,6
DA:20,6
DA:21,6
DA:22,6
DA:23,6
DA:24,6
DA:25,6
DA:26,6
DA:27,6
DA:28,4
DA:29,0
DA:30,4
DA:31,4
DA:32,6
DA:33,6
DA:34,6
DA:35,6
DA:36,2
DA:37,6
DA:38,6
DA:39,6
DA:40,6
DA:41,2
DA:42,0
DA:43,0
DA:44,0
DA:45,0
DA:46,2
DA:47,2
DA:48,6
DA:49,6
DA:50,6
DA:51,8
DA:52,6
DA:53,6
DA:54,6
DA:55,6
DA:56,6
DA:57,6
DA:58,6
DA:59,6
DA:60,6
DA:61,1
DA:62,1
DA:63,1
DA:64,6
DA:65,6
DA:66,6
DA:67,6
DA:68,3
DA:69,3
DA:70,3
DA:71,0
DA:72,0
DA:73,0
DA:74,0
DA:75,3
DA:76,3
DA:77,3
DA:78,3
DA:79,3
DA:80,3
DA:81,3
DA:82,3
DA:83,6
DA:84,6
DA:85,2
DA:86,2
DA:87,2
DA:88,2
DA:89,2
DA:90,2
DA:91,2
DA:92,2
DA:93,2
DA:94,2
DA:95,1
DA:96,1
DA:97,1
DA:98,1
DA:99,1
DA:100,2
DA:101,2
DA:102,2
DA:103,2
DA:104,2
DA:105,2
DA:106,6
DA:107,6
DA:108,6
DA:109,6
DA:110,1
DA:111,1
LF:111
LH:102
BRDA:13,0,0,6
BRDA:67,1,0,3
BRDA:84,2,0,2
BRDA:84,3,0,2
BRDA:84,4,0,2
BRDA:27,5,0,4
BRDA:31,6,0,4
BRDA:35,7,0,2
BRDA:40,8,0,2
BRDA:47,9,0,2
BRDA:50,10,0,8
BRDA:60,11,0,1
BRDA:89,12,0,2
BRDA:94,13,0,1
BRDA:97,14,0,0
BRF:15
BRH:14
end_of_record
TN:
SF:src\components\ui\Skeleton.tsx
FN:10,Skeleton
FN:21,getShapeClass
FNF:2
FNH:2
FNDA:1,Skeleton
FNDA:1,getShapeClass
DA:1,1
DA:2,1
DA:3,1
DA:4,1
DA:5,1
DA:6,1
DA:7,1
DA:8,1
DA:9,1
DA:10,1
DA:11,1
DA:12,1
DA:13,1
DA:14,1
DA:15,1
DA:16,1
DA:17,1
DA:18,1
DA:19,1
DA:20,1
DA:21,1
DA:22,1
DA:23,1
DA:24,1
DA:25,1
DA:26,1
DA:27,1
DA:28,1
DA:29,1
DA:30,1
DA:31,1
DA:32,1
DA:33,1
DA:34,1
DA:35,1
DA:36,1
DA:37,1
DA:38,1
DA:39,1
DA:40,1
DA:41,1
LF:41
LH:41
BRDA:10,0,0,1
BRDA:34,1,0,0
BRDA:21,2,0,1
BRDA:22,3,0,0
BRDA:23,4,0,0
BRF:5
BRH:2
end_of_record
TN:
SF:src\components\ui\Tabs.tsx
FN:16,Tabs
FN:35,onClick
FNF:2
FNH:2
FNDA:1,Tabs
FNDA:1,onClick
DA:1,1
DA:2,1
DA:3,1
DA:4,1
DA:5,1
DA:6,1
DA:7,1
DA:8,1
DA:9,1
DA:10,1
DA:11,1
DA:12,1
DA:13,1
DA:14,1
DA:15,1
DA:16,1
DA:17,1
DA:18,1
DA:19,1
DA:20,1
DA:21,1
DA:22,1
DA:23,1
DA:24,1
DA:25,1
DA:26,1
DA:27,1
DA:28,1
DA:29,2
DA:30,2
DA:31,2
DA:32,2
DA:33,2
DA:34,2
DA:35,2
DA:36,2
DA:37,2
DA:38,2
DA:39,2
DA:40,2
DA:41,2
DA:42,2
DA:43,2
DA:44,2
DA:45,2
DA:46,2
DA:47,2
DA:48,1
DA:49,1
DA:50,1
DA:51,1
DA:52,1
DA:53,1
LF:53
LH:53
BRDA:16,0,0,1
BRDA:28,1,0,2
BRDA:38,2,0,1
BRDA:38,3,0,1
BRDA:39,4,0,1
BRDA:39,5,0,1
BRDA:35,6,0,1
BRF:7
BRH:7
end_of_record
TN:
SF:src\components\ui\Toast.tsx
FN:4,ToastItem
FN:52,onClick
FN:65,ToastContainer
FNF:3
FNH:2
FNDA:16,ToastItem
FNDA:0,onClick
FNDA:8,ToastContainer
DA:1,1
DA:2,1
DA:3,1
DA:4,1
DA:5,16
DA:6,16
DA:7,16
DA:8,16
DA:9,16
DA:10,16
DA:11,16
DA:12,16
DA:13,16
DA:14,16
DA:15,16
DA:16,16
DA:17,16
DA:18,16
DA:19,16
DA:20,16
DA:21,16
DA:22,16
DA:23,16
DA:24,16
DA:25,16
DA:26,16
DA:27,16
DA:28,16
DA:29,16
DA:30,16
DA:31,16
DA:32,16
DA:33,16
DA:34,16
DA:35,16
DA:36,16
DA:37,16
DA:38,16
DA:39,16
DA:40,16
DA:41,16
DA:42,16
DA:43,16
DA:44,16
DA:45,16
DA:46,16
DA:47,16
DA:48,16
DA:49,16
DA:50,16
DA:51,16
DA:52,16
DA:53,16
DA:54,16
DA:55,16
DA:56,16
DA:57,16
DA:58,16
DA:59,16
DA:60,16
DA:61,16
DA:62,16
DA:63,16
DA:64,1
DA:65,1
DA:66,8
DA:67,8
DA:68,8
DA:69,8
DA:70,8
DA:71,8
DA:72,8
DA:73,8
DA:74,8
DA:75,8
DA:76,16
DA:77,16
DA:78,16
DA:79,8
DA:80,8
DA:81,8
DA:82,8
LF:82
LH:82
BRDA:4,0,0,16
BRDA:5,1,0,31
BRDA:65,2,0,8
BRDA:66,3,0,16
BRDA:75,4,0,16
BRF:5
BRH:5
end_of_record
TN:
SF:src\components\ui\Toggle.tsx
FN:11,Toggle
FN:30,onChange
FNF:2
FNH:2
FNDA:1,Toggle
FNDA:1,onChange
DA:1,1
DA:2,1
DA:3,1
DA:4,1
DA:5,1
DA:6,1
DA:7,1
DA:8,1
DA:9,1
DA:10,1
DA:11,1
DA:12,1
DA:13,1
DA:14,1
DA:15,1
DA:16,1
DA:17,1
DA:18,1
DA:19,1
DA:20,1
DA:21,1
DA:22,1
DA:23,1
DA:24,1
DA:25,1
DA:26,1
DA:27,1
DA:28,1
DA:29,1
DA:30,1
DA:31,1
DA:32,1
DA:33,1
DA:34,1
DA:35,1
DA:36,1
DA:37,1
DA:38,1
DA:39,1
DA:40,1
DA:41,1
DA:42,1
DA:43,1
DA:44,1
DA:45,1
DA:46,1
DA:47,1
DA:48,1
DA:49,1
DA:50,1
DA:51,1
DA:52,1
DA:53,1
DA:54,1
DA:55,1
DA:56,1
DA:57,1
DA:58,1
DA:59,1
DA:60,1
DA:61,1
DA:62,1
DA:63,1
DA:64,1
DA:65,1
DA:66,1
DA:67,1
DA:68,1
DA:69,1
DA:70,1
DA:71,1
DA:72,1
DA:73,1
DA:74,1
DA:75,1
DA:76,1
DA:77,1
LF:77
LH:77
BRDA:11,0,0,1
BRDA:21,1,0,0
BRDA:51,2,0,0
BRDA:63,3,0,0
BRDA:30,4,0,1
BRF:5
BRH:2
end_of_record
TN:
SF:src\components\ui\Tooltip.tsx
FN:10,Tooltip
FN:18,getPositionStyles
FN:51,onMouseEnter
FN:52,onMouseLeave
FN:53,onFocus
FN:54,onBlur
FNF:6
FNH:3
FNDA:8,Tooltip
FNDA:1,getPositionStyles
FNDA:1,onMouseEnter
FNDA:0,onMouseLeave
FNDA:0,onFocus
FNDA:0,onBlur
DA:1,1
DA:2,1
DA:3,1
DA:4,1
DA:5,1
DA:6,1
DA:7,1
DA:8,1
DA:9,1
DA:10,1
DA:11,8
DA:12,8
DA:13,8
DA:14,8
DA:15,8
DA:16,8
DA:17,8
DA:18,8
DA:19,1
DA:20,1
DA:21,0
DA:22,0
DA:23,0
DA:24,0
DA:25,0
DA:26,1
DA:27,0
DA:28,0
DA:29,0
DA:30,0
DA:31,0
DA:32,1
DA:33,0
DA:34,0
DA:35,0
DA:36,0
DA:37,0
DA:38,1
DA:39,1
DA:40,1
DA:41,1
DA:42,1
DA:43,1
DA:44,1
DA:45,1
DA:46,1
DA:47,8
DA:48,8
DA:49,8
DA:50,8
DA:51,8
DA:52,8
DA:53,8
DA:54,8
DA:55,8
DA:56,8
DA:57,8
DA:58,1
DA:59,1
DA:60,1
DA:61,1
DA:62,1
DA:63,1
DA:64,1
DA:65,1
DA:66,1
DA:67,1
DA:68,8
DA:69,8
DA:70,8
DA:71,8
DA:72,1
DA:73,1
LF:73
LH:58
BRDA:10,0,0,8
BRDA:57,1,0,1
BRDA:18,2,0,1
BRDA:20,3,0,0
BRDA:26,4,0,0
BRDA:32,5,0,0
BRDA:51,6,0,1
BRF:7
BRH:4
end_of_record
TN:
SF:src\registry\widgetRegistry.ts
FN:95,getWidget
FN:99,listWidgets
FNF:2
FNH:2
FNDA:82,getWidget
FNDA:1,listWidgets
DA:1,1
DA:2,1
DA:3,1
DA:4,1
DA:5,1
DA:6,1
DA:7,1
DA:8,1
DA:9,1
DA:10,1
DA:11,1
DA:12,1
DA:13,1
DA:14,1
DA:15,1
DA:16,1
DA:17,1
DA:18,1
DA:19,1
DA:20,1
DA:21,1
DA:22,1
DA:23,1
DA:24,1
DA:25,1
DA:26,1
DA:27,1
DA:28,1
DA:29,1
DA:30,1
DA:31,1
DA:32,1
DA:33,1
DA:34,1
DA:35,1
DA:36,1
DA:37,1
DA:38,1
DA:39,1
DA:40,1
DA:41,1
DA:42,1
DA:43,1
DA:44,1
DA:45,1
DA:46,1
DA:47,1
DA:48,1
DA:49,1
DA:50,1
DA:51,1
DA:52,1
DA:53,1
DA:54,1
DA:55,1
DA:56,1
DA:57,1
DA:58,1
DA:59,1
DA:60,1
DA:61,1
DA:62,1
DA:63,1
DA:64,1
DA:65,1
DA:66,1
DA:67,1
DA:68,1
DA:69,1
DA:70,1
DA:71,1
DA:72,1
DA:73,1
DA:74,1
DA:75,1
DA:76,1
DA:77,1
DA:78,1
DA:79,1
DA:80,1
DA:81,1
DA:82,1
DA:83,1
DA:84,1
DA:85,1
DA:86,1
DA:87,1
DA:88,1
DA:89,1
DA:90,1
DA:91,1
DA:92,1
DA:93,1
DA:94,1
DA:95,1
DA:96,82
DA:97,82
DA:98,1
DA:99,1
DA:100,1
DA:101,1
DA:102,1
LF:102
LH:102
BRDA:19,0,0,1
BRDA:27,1,0,1
BRDA:35,2,0,1
BRDA:43,3,0,1
BRDA:51,4,0,1
BRDA:59,5,0,1
BRDA:67,6,0,1
BRDA:75,7,0,1
BRDA:83,8,0,1
BRDA:91,9,0,1
BRDA:95,10,0,82
BRDA:99,11,0,1
BRF:12
BRH:12
end_of_record
TN:
SF:src\services\mockDataService.ts
FN:60,<instance_members_initializer>
FN:81,MockDataService
FN:146,startDataGeneration
FN:147,tick
FN:239,setConnectionState
FN:259,getConnectionState
FN:264,subscribeTransactions
FN:269,subscribePortfolioSummary
FN:276,subscribeYieldCurve
FN:282,subscribeRiskMetrics
FN:288,subscribeConnectionState
FN:296,getTransactions
FN:300,getNAVHistory
FN:332,getCorrelationMatrix
FN:355,getDrawdownHistory
FN:379,getBrinsonAttribution
FNF:16
FNH:14
FNDA:2,<instance_members_initializer>
FNDA:2,MockDataService
FNDA:1,startDataGeneration
FNDA:0,tick
FNDA:2,setConnectionState
FNDA:0,getConnectionState
FNDA:1,subscribeTransactions
FNDA:1,subscribePortfolioSummary
FNDA:1,subscribeYieldCurve
FNDA:2,subscribeRiskMetrics
FNDA:1,subscribeConnectionState
FNDA:1,getTransactions
FNDA:1,getNAVHistory
FNDA:1,getCorrelationMatrix
FNDA:1,getDrawdownHistory
FNDA:1,getBrinsonAttribution
DA:1,1
DA:2,1
DA:3,1
DA:4,1
DA:5,1
DA:6,1
DA:7,1
DA:8,1
DA:9,1
DA:10,1
DA:11,1
DA:12,1
DA:13,1
DA:14,1
DA:15,1
DA:16,1
DA:17,1
DA:18,1
DA:19,1
DA:20,1
DA:21,1
DA:22,1
DA:23,1
DA:24,1
DA:25,1
DA:26,1
DA:27,1
DA:28,1
DA:29,1
DA:30,1
DA:31,1
DA:32,1
DA:33,1
DA:34,1
DA:35,1
DA:36,1
DA:37,1
DA:38,1
DA:39,1
DA:40,1
DA:41,1
DA:42,1
DA:43,1
DA:44,1
DA:45,1
DA:46,1
DA:47,1
DA:48,1
DA:49,1
DA:50,1
DA:51,1
DA:52,1
DA:53,1
DA:54,1
DA:55,1
DA:56,1
DA:57,1
DA:58,1
DA:59,1
DA:60,1
DA:61,2
DA:62,2
DA:63,2
DA:64,2
DA:65,2
DA:66,2
DA:67,2
DA:68,2
DA:69,2
DA:70,2
DA:71,2
DA:72,2
DA:73,2
DA:74,2
DA:75,2
DA:76,2
DA:77,2
DA:78,2
DA:79,2
DA:80,2
DA:81,2
DA:82,2
DA:83,2
DA:84,2
DA:85,2
DA:86,2
DA:87,2
DA:88,2
DA:89,2
DA:90,2
DA:91,2
DA:92,2
DA:93,2
DA:94,2
DA:95,2
DA:96,2
DA:97,2
DA:98,2
DA:99,2
DA:100,2
DA:101,2
DA:102,2
DA:103,2
DA:104,2
DA:105,2
DA:106,2
DA:107,2
DA:108,2
DA:109,2
DA:110,2
DA:111,2
DA:112,2
DA:113,2
DA:114,2
DA:115,2
DA:116,2
DA:117,2
DA:118,2
DA:119,2
DA:120,2
DA:121,2
DA:122,2
DA:123,30
DA:124,30
DA:125,30
DA:126,30
DA:127,30
DA:128,30
DA:129,30
DA:130,30
DA:131,30
DA:132,30
DA:133,30
DA:134,30
DA:135,30
DA:136,30
DA:137,30
DA:138,30
DA:139,2
DA:140,2
DA:141,0
DA:142,0
DA:143,2
DA:144,2
DA:145,2
DA:146,2
DA:147,1
DA:148,0
DA:149,0
DA:150,0
DA:151,0
DA:152,0
DA:153,0
DA:154,0
DA:155,0
DA:156,0
DA:157,0
DA:158,0
DA:159,0
DA:160,0
DA:161,0
DA:162,0
DA:163,0
DA:164,0
DA:165,0
DA:166,0
DA:167,0
DA:168,0
DA:169,0
DA:170,0
DA:171,0
DA:172,0
DA:173,0
DA:174,0
DA:175,0
DA:176,0
DA:177,0
DA:178,0
DA:179,0
DA:180,0
DA:181,0
DA:182,0
DA:183,0
DA:184,0
DA:185,0
DA:186,0
DA:187,0
DA:188,0
DA:189,0
DA:190,0
DA:191,0
DA:192,0
DA:193,0
DA:194,0
DA:195,0
DA:196,0
DA:197,0
DA:198,0
DA:199,0
DA:200,0
DA:201,0
DA:202,0
DA:203,0
DA:204,0
DA:205,0
DA:206,0
DA:207,0
DA:208,0
DA:209,0
DA:210,0
DA:211,0
DA:212,0
DA:213,0
DA:214,0
DA:215,0
DA:216,0
DA:217,0
DA:218,0
DA:219,0
DA:220,0
DA:221,0
DA:222,0
DA:223,0
DA:224,0
DA:225,0
DA:226,0
DA:227,0
DA:228,0
DA:229,0
DA:230,0
DA:231,0
DA:232,0
DA:233,1
DA:234,1
DA:235,1
DA:236,1
DA:237,2
DA:238,2
DA:239,2
DA:240,2
DA:241,2
DA:242,2
DA:243,2
DA:244,2
DA:245,1
DA:246,1
DA:247,1
DA:248,1
DA:249,1
DA:250,0
DA:251,0
DA:252,1
DA:253,1
DA:254,1
DA:255,1
DA:256,1
DA:257,2
DA:258,2
DA:259,2
DA:260,0
DA:261,0
DA:262,2
DA:263,2
DA:264,2
DA:265,1
DA:266,1
DA:267,1
DA:268,2
DA:269,2
DA:270,1
DA:271,1
DA:272,1
DA:273,1
DA:274,1
DA:275,2
DA:276,2
DA:277,1
DA:278,1
DA:279,1
DA:280,1
DA:281,2
DA:282,2
DA:283,2
DA:284,2
DA:285,2
DA:286,2
DA:287,2
DA:288,2
DA:289,1
DA:290,1
DA:291,1
DA:292,1
DA:293,2
DA:294,2
DA:295,2
DA:296,2
DA:297,1
DA:298,1
DA:299,2
DA:300,2
DA:301,1
DA:302,1
DA:303,1
DA:304,1
DA:305,1
DA:306,1
DA:307,1
DA:308,1
DA:309,1
DA:310,31
DA:311,31
DA:312,31
DA:313,31
DA:314,31
DA:315,31
DA:316,31
DA:317,31
DA:318,31
DA:319,31
DA:320,31
DA:321,31
DA:322,31
DA:323,31
DA:324,1
DA:325,1
DA:326,1
DA:327,1
DA:328,1
DA:329,0
DA:330,1
DA:331,2
DA:332,2
DA:333,1
DA:334,1
DA:335,1
DA:336,1
DA:337,1
DA:338,1
DA:339,1
DA:340,1
DA:341,1
DA:342,1
DA:343,1
DA:344,1
DA:345,5
DA:346,25
DA:347,20
DA:348,20
DA:349,5
DA:350,1
DA:351,1
DA:352,1
DA:353,1
DA:354,2
DA:355,2
DA:356,1
DA:357,1
DA:358,1
DA:359,1
DA:360,1
DA:361,1
DA:362,1
DA:363,1
DA:364,101
DA:365,101
DA:366,101
DA:367,101
DA:368,101
DA:369,101
DA:370,101
DA:371,101
DA:372,101
DA:373,101
DA:374,101
DA:375,1
DA:376,1
DA:377,1
DA:378,2
DA:379,2
DA:380,1
DA:381,1
DA:382,7
DA:383,7
DA:384,7
DA:385,7
DA:386,7
DA:387,7
DA:388,7
DA:389,1
DA:390,1
DA:391,1
DA:392,1
DA:393,2
DA:394,1
DA:395,1
DA:396,1
LF:396
LH:304
BRDA:60,0,0,2
BRDA:81,1,0,2
BRDA:122,2,0,30
BRDA:126,3,0,6
BRDA:126,4,0,24
BRDA:126,5,0,2
BRDA:126,6,0,22
BRDA:126,7,0,5
BRDA:126,8,0,17
BRDA:133,9,0,12
BRDA:133,10,0,18
BRDA:140,11,0,0
BRDA:146,12,0,1
BRDA:239,13,0,2
BRDA:240,14,0,0
BRDA:244,15,0,1
BRDA:242,16,0,2
BRDA:264,17,0,1
BRDA:266,18,0,1
BRDA:269,19,0,1
BRDA:273,20,0,1
BRDA:276,21,0,1
BRDA:279,22,0,1
BRDA:282,23,0,2
BRDA:285,24,0,2
BRDA:288,25,0,1
BRDA:291,26,0,1
BRDA:296,27,0,1
BRDA:300,28,0,1
BRDA:301,29,0,0
BRDA:301,30,0,0
BRDA:301,31,0,0
BRDA:307,32,0,0
BRDA:309,33,0,31
BRDA:328,34,0,0
BRDA:332,35,0,1
BRDA:344,36,0,5
BRDA:345,37,0,25
BRDA:346,38,0,5
BRDA:346,39,0,20
BRDA:355,40,0,1
BRDA:363,41,0,101
BRDA:367,42,0,23
BRDA:379,43,0,1
BRDA:381,44,0,7
BRF:45
BRH:38
end_of_record
TN:
SF:src\store\dashboardStore.ts
FN:80,getInitialTheme
FN:88,getInitialLayout
FN:119,login
FN:130,logout
FN:136,setTheme
FN:142,setEditing
FN:151,updateLayouts
FN:165,addWidget
FN:196,removeWidget
FN:207,toggleWidgetCollapse
FN:213,updateWidgetSettings
FN:231,addToast
FN:244,removeToast
FN:250,tickSession
FN:266,resetLayout
FNF:15
FNH:9
FNDA:2,getInitialTheme
FNDA:2,getInitialLayout
FNDA:6,login
FNDA:9,logout
FNDA:11,setTheme
FNDA:9,setEditing
FNDA:1,updateLayouts
FNDA:2,addWidget
FNDA:0,removeWidget
FNDA:0,toggleWidgetCollapse
FNDA:0,updateWidgetSettings
FNDA:27,addToast
FNDA:0,removeToast
FNDA:0,tickSession
FNDA:0,resetLayout
DA:1,1
DA:2,1
DA:3,1
DA:4,1
DA:5,1
DA:6,1
DA:7,1
DA:8,1
DA:9,1
DA:10,1
DA:11,1
DA:12,1
DA:13,1
DA:14,1
DA:15,1
DA:16,1
DA:17,1
DA:18,1
DA:19,1
DA:20,1
DA:21,1
DA:22,1
DA:23,1
DA:24,1
DA:25,1
DA:26,1
DA:27,1
DA:28,1
DA:29,1
DA:30,1
DA:31,1
DA:32,1
DA:33,1
DA:34,1
DA:35,1
DA:36,1
DA:37,1
DA:38,1
DA:39,1
DA:40,1
DA:41,1
DA:42,1
DA:43,1
DA:44,1
DA:45,1
DA:46,1
DA:47,1
DA:48,1
DA:49,1
DA:50,1
DA:51,1
DA:52,1
DA:53,1
DA:54,1
DA:55,1
DA:56,1
DA:57,1
DA:58,1
DA:59,1
DA:60,1
DA:61,1
DA:62,1
DA:63,1
DA:64,1
DA:65,1
DA:66,1
DA:67,1
DA:68,1
DA:69,1
DA:70,1
DA:71,1
DA:72,1
DA:73,1
DA:74,1
DA:75,1
DA:76,1
DA:77,1
DA:78,1
DA:79,2
DA:80,2
DA:81,2
DA:82,2
DA:83,2
DA:84,2
DA:85,2
DA:86,2
DA:87,2
DA:88,2
DA:89,2
DA:90,2
DA:91,0
DA:92,0
DA:93,0
DA:94,0
DA:95,0
DA:96,0
DA:97,0
DA:98,0
DA:99,0
DA:100,2
DA:101,0
DA:102,0
DA:103,2
DA:104,2
DA:105,2
DA:106,2
DA:107,2
DA:108,2
DA:109,2
DA:110,2
DA:111,2
DA:112,2
DA:113,2
DA:114,2
DA:115,2
DA:116,2
DA:117,2
DA:118,2
DA:119,2
DA:120,6
DA:121,6
DA:122,6
DA:123,6
DA:124,6
DA:125,6
DA:126,6
DA:127,6
DA:128,6
DA:129,2
DA:130,2
DA:131,9
DA:132,9
DA:133,9
DA:134,9
DA:135,2
DA:136,2
DA:137,11
DA:138,11
DA:139,11
DA:140,11
DA:141,2
DA:142,2
DA:143,9
DA:144,9
DA:145,8
DA:146,8
DA:147,8
DA:148,1
DA:149,9
DA:150,2
DA:151,2
DA:152,1
DA:153,1
DA:154,1
DA:155,1
DA:156,1
DA:157,1
DA:158,0
DA:159,0
DA:160,0
DA:161,1
DA:162,1
DA:163,1
DA:164,2
DA:165,2
DA:166,2
DA:167,2
DA:168,1
DA:169,1
DA:170,1
DA:171,2
DA:172,2
DA:173,0
DA:174,0
DA:175,0
DA:176,1
DA:177,1
DA:178,1
DA:179,1
DA:180,1
DA:181,1
DA:182,1
DA:183,1
DA:184,1
DA:185,1
DA:186,1
DA:187,1
DA:188,1
DA:189,1
DA:190,1
DA:191,1
DA:192,1
DA:193,1
DA:194,2
DA:195,2
DA:196,2
DA:197,0
DA:198,0
DA:199,0
DA:200,0
DA:201,0
DA:202,0
DA:203,0
DA:204,0
DA:205,0
DA:206,2
DA:207,2
DA:208,0
DA:209,0
DA:210,0
DA:211,0
DA:212,2
DA:213,2
DA:214,0
DA:215,0
DA:216,0
DA:217,0
DA:218,0
DA:219,0
DA:220,0
DA:221,0
DA:222,0
DA:223,0
DA:224,0
DA:225,0
DA:226,0
DA:227,0
DA:228,0
DA:229,0
DA:230,2
DA:231,2
DA:232,27
DA:233,27
DA:234,27
DA:235,27
DA:236,27
DA:237,27
DA:238,0
DA:239,0
DA:240,0
DA:241,27
DA:242,27
DA:243,2
DA:244,2
DA:245,0
DA:246,0
DA:247,0
DA:248,0
DA:249,2
DA:250,2
DA:251,0
DA:252,0
DA:253,0
DA:254,0
DA:255,0
DA:256,0
DA:257,0
DA:258,0
DA:259,0
DA:260,0
DA:261,0
DA:262,0
DA:263,0
DA:264,0
DA:265,2
DA:266,2
DA:267,0
DA:268,0
DA:269,0
DA:270,0
DA:271,0
DA:272,0
DA:273,2
DA:274,2
LF:274
LH:201
BRDA:78,0,0,2
BRDA:80,1,0,2
BRDA:82,2,0,0
BRDA:84,3,0,0
BRDA:88,4,0,2
BRDA:90,5,0,0
BRDA:100,6,0,0
BRDA:119,7,0,6
BRDA:130,8,0,9
BRDA:136,9,0,11
BRDA:142,10,0,9
BRDA:144,11,0,2
BRDA:144,12,0,8
BRDA:147,13,0,1
BRDA:151,14,0,1
BRDA:153,15,0,0
BRDA:157,16,0,0
BRDA:165,17,0,2
BRDA:167,18,0,1
BRDA:171,19,0,0
BRDA:172,20,0,0
BRDA:175,21,0,1
BRDA:180,22,0,10
BRDA:231,23,0,27
BRDA:233,24,0,27
BRF:25
BRH:17
end_of_record
TN:
SF:src\utils\schemas.ts
FNF:0
FNH:0
DA:1,1
DA:2,1
DA:3,1
DA:4,1
DA:5,1
DA:6,1
DA:7,1
DA:8,1
DA:9,1
DA:10,1
DA:11,1
DA:12,1
DA:13,1
DA:14,1
DA:15,1
DA:16,1
DA:17,1
DA:18,1
DA:19,1
DA:20,1
DA:21,1
DA:22,1
DA:23,1
DA:24,1
DA:25,1
DA:26,1
DA:27,1
DA:28,1
DA:29,1
DA:30,1
DA:31,1
DA:32,1
DA:33,1
DA:34,1
DA:35,1
DA:36,1
DA:37,1
DA:38,1
DA:39,1
DA:40,1
DA:41,1
DA:42,1
DA:43,1
DA:44,1
DA:45,1
DA:46,1
DA:47,1
DA:48,1
DA:49,1
DA:50,1
DA:51,1
DA:52,1
DA:53,1
DA:54,1
DA:55,1
DA:56,1
DA:57,1
DA:58,1
DA:59,1
DA:60,1
DA:61,1
DA:62,1
DA:63,1
DA:64,1
DA:65,1
DA:66,1
DA:67,1
DA:68,1
LF:68
LH:68
BRF:0
BRH:0
end_of_record
TN:
SF:src\widgets\BrinsonAttributionWidget.tsx
FN:5,BrinsonAttributionWidget
FNF:1
FNH:1
FNDA:2,BrinsonAttributionWidget
DA:1,1
DA:2,1
DA:3,1
DA:4,1
DA:5,1
DA:6,2
DA:7,2
DA:8,2
DA:9,1
DA:10,2
DA:11,2
DA:12,2
DA:13,2
DA:14,2
DA:15,2
DA:16,2
DA:17,2
DA:18,2
DA:19,2
DA:20,2
DA:21,2
DA:22,2
DA:23,2
DA:24,2
DA:25,2
DA:26,2
DA:27,2
DA:28,2
DA:29,2
DA:30,2
DA:31,2
DA:32,2
DA:33,2
DA:34,2
DA:35,2
DA:36,2
DA:37,2
DA:38,2
DA:39,2
DA:40,2
DA:41,2
DA:42,2
DA:43,2
DA:44,2
DA:45,2
DA:46,2
DA:47,2
DA:48,2
DA:49,2
DA:50,2
DA:51,2
DA:52,2
DA:53,2
DA:54,2
DA:55,2
DA:56,2
DA:57,2
DA:58,1
DA:59,1
LF:59
LH:59
BRDA:5,0,0,2
BRDA:8,1,0,1
BRF:2
BRH:2
end_of_record
TN:
SF:src\widgets\CorrelationMatrixWidget.tsx
FN:4,CorrelationMatrixWidget
FN:17,getCellBgColor
FN:31,getCellTextColor
FNF:3
FNH:3
FNDA:2,CorrelationMatrixWidget
FNDA:25,getCellBgColor
FNDA:25,getCellTextColor
DA:1,1
DA:2,1
DA:3,1
DA:4,1
DA:5,2
DA:6,2
DA:7,2
DA:8,1
DA:9,1
DA:10,2
DA:11,2
DA:12,2
DA:13,1
DA:14,1
DA:15,1
DA:16,1
DA:17,1
DA:18,25
DA:19,25
DA:20,10
DA:21,10
DA:22,10
DA:23,10
DA:24,10
DA:25,10
DA:26,10
DA:27,10
DA:28,10
DA:29,25
DA:30,1
DA:31,1
DA:32,25
DA:33,20
DA:34,25
DA:35,1
DA:36,1
DA:37,1
DA:38,1
DA:39,1
DA:40,1
DA:41,1
DA:42,1
DA:43,1
DA:44,1
DA:45,1
DA:46,1
DA:47,1
DA:48,1
DA:49,1
DA:50,5
DA:51,5
DA:52,5
DA:53,1
DA:54,1
DA:55,1
DA:56,1
DA:57,1
DA:58,1
DA:59,5
DA:60,5
DA:61,5
DA:62,5
DA:63,5
DA:64,25
DA:65,25
DA:66,25
DA:67,25
DA:68,25
DA:69,25
DA:70,25
DA:71,25
DA:72,25
DA:73,25
DA:74,25
DA:75,25
DA:76,5
DA:77,5
DA:78,1
DA:79,1
DA:80,1
DA:81,1
DA:82,1
DA:83,1
DA:84,1
DA:85,1
LF:85
LH:85
BRDA:4,0,0,2
BRDA:12,1,0,1
BRDA:7,2,0,1
BRDA:17,3,0,25
BRDA:18,4,0,5
BRDA:18,5,0,20
BRDA:19,6,0,10
BRDA:31,7,0,25
BRDA:32,8,0,5
BRDA:32,9,0,20
BRDA:49,10,0,5
BRDA:58,11,0,5
BRDA:63,12,0,25
BRF:13
BRH:13
end_of_record
TN:
SF:src\widgets\DrawdownWidget.tsx
FN:5,DrawdownWidget
FN:12,formatDate
FN:64,labelFormatter
FNF:3
FNH:1
FNDA:3,DrawdownWidget
FNDA:0,formatDate
FNDA:0,labelFormatter
DA:1,1
DA:2,1
DA:3,1
DA:4,1
DA:5,1
DA:6,3
DA:7,3
DA:8,3
DA:9,1
DA:10,3
DA:11,3
DA:12,3
DA:13,0
DA:14,0
DA:15,0
DA:16,3
DA:17,3
DA:18,3
DA:19,3
DA:20,3
DA:21,3
DA:22,3
DA:23,3
DA:24,3
DA:25,3
DA:26,3
DA:27,3
DA:28,3
DA:29,3
DA:30,3
DA:31,3
DA:32,3
DA:33,3
DA:34,3
DA:35,3
DA:36,3
DA:37,3
DA:38,3
DA:39,3
DA:40,3
DA:41,3
DA:42,3
DA:43,3
DA:44,3
DA:45,3
DA:46,3
DA:47,3
DA:48,3
DA:49,3
DA:50,3
DA:51,3
DA:52,3
DA:53,3
DA:54,3
DA:55,3
DA:56,3
DA:57,3
DA:58,3
DA:59,3
DA:60,3
DA:61,3
DA:62,3
DA:63,3
DA:64,3
DA:65,3
DA:66,3
DA:67,3
DA:68,3
DA:69,3
DA:70,3
DA:71,3
DA:72,3
DA:73,3
DA:74,3
DA:75,3
DA:76,3
DA:77,3
DA:78,3
DA:79,3
DA:80,3
DA:81,3
DA:82,3
DA:83,3
DA:84,3
DA:85,3
DA:86,3
DA:87,3
DA:88,1
DA:89,1
LF:89
LH:86
BRDA:5,0,0,3
BRDA:8,1,0,1
BRF:2
BRH:2
end_of_record
TN:
SF:src\widgets\NAVPerformanceWidget.tsx
FN:5,NAVPerformanceWidget
FN:17,formatDate
FN:36,onClick
FN:80,labelFormatter
FNF:4
FNH:1
FNDA:3,NAVPerformanceWidget
FNDA:0,formatDate
FNDA:0,onClick
FNDA:0,labelFormatter
DA:1,1
DA:2,1
DA:3,1
DA:4,1
DA:5,1
DA:6,3
DA:7,3
DA:8,3
DA:9,3
DA:10,1
DA:11,1
DA:12,1
DA:13,3
DA:14,3
DA:15,3
DA:16,3
DA:17,3
DA:18,0
DA:19,0
DA:20,0
DA:21,0
DA:22,0
DA:23,0
DA:24,3
DA:25,3
DA:26,3
DA:27,3
DA:28,3
DA:29,3
DA:30,3
DA:31,3
DA:32,3
DA:33,3
DA:34,10
DA:35,10
DA:36,10
DA:37,10
DA:38,10
DA:39,10
DA:40,10
DA:41,10
DA:42,10
DA:43,10
DA:44,10
DA:45,10
DA:46,10
DA:47,3
DA:48,3
DA:49,3
DA:50,3
DA:51,3
DA:52,3
DA:53,3
DA:54,3
DA:55,3
DA:56,3
DA:57,3
DA:58,3
DA:59,3
DA:60,3
DA:61,3
DA:62,3
DA:63,3
DA:64,3
DA:65,3
DA:66,3
DA:67,3
DA:68,3
DA:69,3
DA:70,3
DA:71,3
DA:72,3
DA:73,3
DA:74,3
DA:75,3
DA:76,3
DA:77,3
DA:78,3
DA:79,3
DA:80,3
DA:81,3
DA:82,3
DA:83,3
DA:84,3
DA:85,3
DA:86,3
DA:87,3
DA:88,3
DA:89,3
DA:90,3
DA:91,3
DA:92,3
DA:93,3
DA:94,3
DA:95,3
DA:96,3
DA:97,3
DA:98,3
DA:99,3
DA:100,3
DA:101,3
DA:102,3
DA:103,3
DA:104,3
DA:105,3
DA:106,3
DA:107,3
DA:108,3
DA:109,3
DA:110,3
DA:111,3
DA:112,3
DA:113,3
DA:114,1
DA:115,1
LF:115
LH:109
BRDA:5,0,0,3
BRDA:9,1,0,1
BRDA:33,2,0,10
BRDA:39,3,0,2
BRDA:39,4,0,8
BRDA:40,5,0,2
BRDA:40,6,0,8
BRF:7
BRH:7
end_of_record
TN:
SF:src\widgets\PortfolioSummaryWidget.tsx
FN:4,PortfolioSummaryWidget
FN:18,formatUSD
FNF:2
FNH:2
FNDA:2,PortfolioSummaryWidget
FNDA:3,formatUSD
DA:1,1
DA:2,1
DA:3,1
DA:4,1
DA:5,2
DA:6,2
DA:7,2
DA:8,2
DA:9,1
DA:10,1
DA:11,1
DA:12,1
DA:13,1
DA:14,2
DA:15,2
DA:16,2
DA:17,1
DA:18,1
DA:19,3
DA:20,1
DA:21,0
DA:22,3
DA:23,1
DA:24,1
DA:25,1
DA:26,1
DA:27,1
DA:28,1
DA:29,1
DA:30,1
DA:31,1
DA:32,1
DA:33,1
DA:34,1
DA:35,1
DA:36,1
DA:37,1
DA:38,1
DA:39,2
DA:40,2
DA:41,2
DA:42,2
DA:43,2
DA:44,2
DA:45,2
DA:46,2
DA:47,2
DA:48,2
DA:49,2
DA:50,2
DA:51,2
DA:52,2
DA:53,2
DA:54,2
DA:55,2
DA:56,2
DA:57,2
DA:58,2
DA:59,2
DA:60,2
DA:61,2
DA:62,2
DA:63,2
DA:64,2
DA:65,2
DA:66,2
DA:67,2
DA:68,2
DA:69,2
DA:70,2
DA:71,2
DA:72,2
DA:73,2
DA:74,2
DA:75,2
DA:76,2
DA:77,2
DA:78,2
DA:79,2
DA:80,2
DA:81,2
DA:82,2
DA:83,2
DA:84,2
DA:85,2
DA:86,2
DA:87,2
DA:88,2
DA:89,2
DA:90,2
DA:91,2
DA:92,2
DA:93,2
DA:94,2
DA:95,2
DA:96,2
DA:97,2
DA:98,2
DA:99,2
DA:100,2
DA:101,2
DA:102,2
DA:103,2
DA:104,2
DA:105,2
DA:106,2
DA:107,1
DA:108,1
LF:108
LH:107
BRDA:4,0,0,2
BRDA:16,1,0,1
BRDA:39,2,0,0
BRDA:42,3,0,1
BRDA:42,4,0,0
BRDA:42,5,0,1
BRDA:42,6,0,0
BRDA:8,7,0,1
BRDA:9,8,0,1
BRDA:18,9,0,3
BRDA:19,10,0,2
BRDA:19,11,0,1
BRDA:20,12,0,0
BRF:13
BRH:9
end_of_record
TN:
SF:src\widgets\RiskMetricsWidget.tsx
FN:5,RiskMetricsWidget
FNF:1
FNH:1
FNDA:2,RiskMetricsWidget
DA:1,1
DA:2,1
DA:3,1
DA:4,1
DA:5,1
DA:6,2
DA:7,2
DA:8,2
DA:9,1
DA:10,1
DA:11,1
DA:12,1
DA:13,2
DA:14,2
DA:15,2
DA:16,1
DA:17,1
DA:18,1
DA:19,1
DA:20,1
DA:21,1
DA:22,1
DA:23,1
DA:24,1
DA:25,1
DA:26,1
DA:27,1
DA:28,1
DA:29,1
DA:30,1
DA:31,1
DA:32,1
DA:33,1
DA:34,1
DA:35,1
DA:36,1
DA:37,1
DA:38,2
DA:39,2
DA:40,2
DA:41,2
DA:42,2
DA:43,2
DA:44,2
DA:45,2
DA:46,2
DA:47,2
DA:48,2
DA:49,2
DA:50,2
DA:51,2
DA:52,2
DA:53,2
DA:54,2
DA:55,2
DA:56,2
DA:57,2
DA:58,2
DA:59,2
DA:60,2
DA:61,2
DA:62,2
DA:63,2
DA:64,2
DA:65,2
DA:66,2
DA:67,6
DA:68,6
DA:69,6
DA:70,6
DA:71,6
DA:72,6
DA:73,6
DA:74,6
DA:75,6
DA:76,6
DA:77,6
DA:78,6
DA:79,6
DA:80,6
DA:81,6
DA:82,6
DA:83,6
DA:84,6
DA:85,6
DA:86,6
DA:87,2
DA:88,2
DA:89,2
DA:90,2
DA:91,2
DA:92,1
DA:93,1
LF:93
LH:93
BRDA:5,0,0,2
BRDA:15,1,0,1
BRDA:38,2,0,0
BRDA:8,3,0,1
BRDA:9,4,0,1
BRDA:66,5,0,6
BRF:6
BRH:5
end_of_record
TN:
SF:src\widgets\SectorAllocationWidget.tsx
FN:4,SectorAllocationWidget
FNF:1
FNH:1
FNDA:1,SectorAllocationWidget
DA:1,1
DA:2,1
DA:3,1
DA:4,1
DA:5,1
DA:6,1
DA:7,1
DA:8,1
DA:9,1
DA:10,1
DA:11,1
DA:12,1
DA:13,1
DA:14,1
DA:15,1
DA:16,1
DA:17,1
DA:18,1
DA:19,1
DA:20,1
DA:21,1
DA:22,1
DA:23,1
DA:24,1
DA:25,1
DA:26,1
DA:27,1
DA:28,1
DA:29,1
DA:30,1
DA:31,1
DA:32,1
DA:33,1
DA:34,1
DA:35,1
DA:36,1
DA:37,1
DA:38,1
DA:39,1
DA:40,1
DA:41,1
DA:42,1
DA:43,1
DA:44,1
DA:45,1
DA:46,1
DA:47,1
DA:48,1
DA:49,1
DA:50,1
DA:51,1
DA:52,1
DA:53,1
DA:54,1
DA:55,1
DA:56,1
DA:57,1
DA:58,1
DA:59,1
DA:60,1
DA:61,1
DA:62,1
DA:63,1
DA:64,1
DA:65,1
LF:65
LH:65
BRDA:4,0,0,1
BRF:1
BRH:1
end_of_record
TN:
SF:src\widgets\TransactionLogWidget.tsx
FN:7,TransactionLogWidget
FN:33,render
FN:42,render
FN:48,render
FN:62,render
FN:68,render
FN:74,render
FNF:7
FNH:7
FNDA:2,TransactionLogWidget
FNDA:4,render
FNDA:4,render
FNDA:4,render
FNDA:4,render
FNDA:4,render
FNDA:4,render
DA:1,1
DA:2,1
DA:3,1
DA:4,1
DA:5,1
DA:6,1
DA:7,1
DA:8,2
DA:9,2
DA:10,2
DA:11,2
DA:12,2
DA:13,1
DA:14,1
DA:15,1
DA:16,1
DA:17,1
DA:18,1
DA:19,0
DA:20,0
DA:21,1
DA:22,1
DA:23,1
DA:24,2
DA:25,2
DA:26,2
DA:27,2
DA:28,2
DA:29,1
DA:30,1
DA:31,1
DA:32,1
DA:33,1
DA:34,4
DA:35,4
DA:36,4
DA:37,1
DA:38,1
DA:39,1
DA:40,1
DA:41,1
DA:42,1
DA:43,1
DA:44,1
DA:45,1
DA:46,1
DA:47,1
DA:48,1
DA:49,4
DA:50,4
DA:51,4
DA:52,4
DA:53,4
DA:54,4
DA:55,4
DA:56,1
DA:57,1
DA:58,1
DA:59,1
DA:60,1
DA:61,1
DA:62,1
DA:63,1
DA:64,1
DA:65,1
DA:66,1
DA:67,1
DA:68,1
DA:69,1
DA:70,1
DA:71,1
DA:72,1
DA:73,1
DA:74,1
DA:75,4
DA:76,4
DA:77,4
DA:78,1
DA:79,1
DA:80,1
DA:81,2
DA:82,2
DA:83,2
DA:84,2
DA:85,2
DA:86,2
DA:87,2
DA:88,2
DA:89,2
DA:90,2
DA:91,2
DA:92,2
DA:93,2
DA:94,2
DA:95,2
DA:96,2
DA:97,2
DA:98,2
DA:99,2
DA:100,2
DA:101,2
DA:102,2
DA:103,2
DA:104,2
DA:105,2
DA:106,2
DA:107,2
DA:108,2
DA:109,2
DA:110,2
DA:111,2
DA:112,1
DA:113,1
LF:113
LH:111
BRDA:7,0,0,2
BRDA:12,1,0,1
BRDA:28,2,0,1
BRDA:33,3,0,4
BRDA:42,4,0,4
BRDA:48,5,0,4
BRDA:51,6,0,2
BRDA:51,7,0,2
BRDA:62,8,0,4
BRDA:68,9,0,4
BRDA:74,10,0,4
BRDA:75,11,0,0
BRF:12
BRH:11
end_of_record
TN:
SF:src\widgets\ValueAtRiskWidget.tsx
FN:11,CircularGauge
FN:68,ValueAtRiskWidget
FNF:2
FNH:2
FNDA:3,CircularGauge
FNDA:2,ValueAtRiskWidget
DA:1,1
DA:2,1
DA:3,1
DA:4,1
DA:5,1
DA:6,1
DA:7,1
DA:8,1
DA:9,1
DA:10,1
DA:11,1
DA:12,3
DA:13,3
DA:14,3
DA:15,3
DA:16,3
DA:17,3
DA:18,3
DA:19,3
DA:20,3
DA:21,3
DA:22,0
DA:23,3
DA:24,1
DA:25,1
DA:26,3
DA:27,3
DA:28,3
DA:29,3
DA:30,3
DA:31,3
DA:32,3
DA:33,3
DA:34,3
DA:35,3
DA:36,3
DA:37,3
DA:38,3
DA:39,3
DA:40,3
DA:41,3
DA:42,3
DA:43,3
DA:44,3
DA:45,3
DA:46,3
DA:47,3
DA:48,3
DA:49,3
DA:50,3
DA:51,3
DA:52,3
DA:53,3
DA:54,3
DA:55,3
DA:56,3
DA:57,3
DA:58,3
DA:59,3
DA:60,3
DA:61,3
DA:62,3
DA:63,3
DA:64,3
DA:65,3
DA:66,3
DA:67,1
DA:68,1
DA:69,2
DA:70,2
DA:71,2
DA:72,1
DA:73,1
DA:74,1
DA:75,1
DA:76,2
DA:77,2
DA:78,2
DA:79,1
DA:80,1
DA:81,1
DA:82,1
DA:83,1
DA:84,1
DA:85,1
DA:86,1
DA:87,1
DA:88,1
DA:89,1
DA:90,1
DA:91,1
DA:92,1
DA:93,1
DA:94,1
DA:95,1
DA:96,1
DA:97,1
DA:98,1
DA:99,1
DA:100,1
DA:101,1
DA:102,1
DA:103,1
DA:104,1
DA:105,1
DA:106,1
DA:107,1
DA:108,1
DA:109,1
LF:109
LH:108
BRDA:11,0,0,3
BRDA:21,1,0,0
BRDA:23,2,0,1
BRDA:68,3,0,2
BRDA:78,4,0,1
BRDA:71,5,0,1
BRDA:72,6,0,1
BRF:7
BRH:6
end_of_record
TN:
SF:src\widgets\YieldCurveWidget.tsx
FN:5,YieldCurveWidget
FN:41,formatter
FNF:2
FNH:1
FNDA:2,YieldCurveWidget
FNDA:0,formatter
DA:1,1
DA:2,1
DA:3,1
DA:4,1
DA:5,1
DA:6,2
DA:7,2
DA:8,2
DA:9,1
DA:10,1
DA:11,1
DA:12,1
DA:13,2
DA:14,2
DA:15,2
DA:16,2
DA:17,2
DA:18,2
DA:19,2
DA:20,2
DA:21,2
DA:22,2
DA:23,2
DA:24,2
DA:25,2
DA:26,2
DA:27,2
DA:28,2
DA:29,2
DA:30,2
DA:31,2
DA:32,2
DA:33,2
DA:34,2
DA:35,2
DA:36,2
DA:37,2
DA:38,2
DA:39,2
DA:40,2
DA:41,2
DA:42,2
DA:43,2
DA:44,2
DA:45,2
DA:46,2
DA:47,2
DA:48,2
DA:49,2
DA:50,2
DA:51,2
DA:52,2
DA:53,2
DA:54,2
DA:55,2
DA:56,2
DA:57,2
DA:58,2
DA:59,2
DA:60,2
DA:61,2
DA:62,2
DA:63,2
DA:64,2
DA:65,2
DA:66,2
DA:67,2
DA:68,2
DA:69,2
DA:70,2
DA:71,2
DA:72,2
DA:73,2
DA:74,2
DA:75,2
DA:76,2
DA:77,2
DA:78,1
DA:79,1
LF:79
LH:79
BRDA:5,0,0,2
BRDA:8,1,0,1
BRDA:9,2,0,1
BRF:3
BRH:3
end_of_record
